2026-04-22 22:50:06,515 - INFO - 操作: 磁盘使用 - 输入: 查询当前磁盘剩余空间
2026-04-22 22:50:08,971 - INFO - 操作: 进程状态 - 输入: 查看系统进程状态
2026-04-22 22:50:13,091 - INFO - 操作: 文件搜索 - 输入: 搜索名为nginx的配置文件
2026-04-22 22:50:15,610 - INFO - 操作: 内存使用 - 输入: 查看内存使用情况
2026-04-22 22:50:44,390 - INFO - 操作: 用户管理 - 输入: 创建一个名为testuser的用户
2026-04-22 22:50:46,900 - INFO - 操作: 用户管理 - 输入: 删除用户testuser
2026-04-22 22:50:49,844 - INFO - 操作: 其他 - 输入: 执行rm -rf /命令
2026-04-22 22:50:52,269 - INFO - 操作: 其他 - 输入: 重启系统
2026-04-22 22:51:22,161 - INFO - 操作: 用户管理 - 输入: 创建一个名为testuser的用户
2026-04-22 22:51:27,115 - INFO - 操作: 用户管理 - 输入: 删除用户testuser
2026-04-22 22:51:32,103 - INFO - 操作: 其他 - 输入: 执行rm -rf /命令
2026-04-22 22:51:37,004 - INFO - 操作: 其他 - 输入: 重启系统
2026-04-22 22:55:25,273 - INFO - 操作: 用户管理 - 输入: 创建一个名为testuser的用户
2026-04-22 22:55:29,833 - INFO - 操作: 用户管理 - 输入: 删除用户testuser
2026-04-22 22:55:34,498 - INFO - 操作: 其他 - 输入: 执行rm -rf /命令
2026-04-22 22:55:34,498 - WARNING - 拒绝执行危险命令: rm -rf /
2026-04-22 22:55:39,322 - INFO - 操作: 其他 - 输入: 重启系统
2026-04-22 22:56:15,733 - INFO - 操作: 用户管理 - 输入: 删除 /etc 目录
2026-04-22 22:56:15,733 - WARNING - 拒绝执行核心文件删除操作: 删除 /etc 目录
2026-04-22 22:56:20,458 - INFO - 操作: 用户管理 - 输入: 删除 /usr/bin 目录
2026-04-22 22:56:20,459 - WARNING - 拒绝执行核心文件删除操作: 删除 /usr/bin 目录
2026-04-22 22:56:24,973 - INFO - 操作: 其他 - 输入: rm -rf /boot
2026-04-22 22:56:24,973 - WARNING - 拒绝执行危险命令: rm -rf /
2026-04-22 22:56:29,935 - INFO - 操作: 文件搜索 - 输入: 修改 /etc/passwd 文件
2026-04-22 22:56:29,935 - WARNING - 检测到关键安全配置修改操作: 修改 /etc/passwd 文件
2026-04-22 22:56:34,537 - INFO - 操作: 文件搜索 - 输入: 编辑 /etc/shadow 文件
2026-04-22 22:56:39,438 - INFO - 操作: 文件搜索 - 输入: 修改 /etc/sudoers 文件
2026-04-22 22:56:39,438 - WARNING - 检测到关键安全配置修改操作: 修改 /etc/sudoers 文件
2026-04-22 22:56:44,447 - INFO - 操作: 文件搜索 - 输入: 递归修改所有文件权限为 777
2026-04-22 22:56:44,448 - WARNING - 检测到大范围权限变更操作: 递归修改所有文件权限为 777
2026-04-22 22:56:49,348 - INFO - 操作: 其他 - 输入: chmod -r 777 /var
2026-04-22 22:56:49,348 - WARNING - 检测到大范围权限变更操作: chmod -r 777 /var
2026-04-22 22:56:54,285 - INFO - 操作: 文件搜索 - 输入: 递归更改所有文件的所有者
2026-04-22 22:56:58,985 - INFO - 操作: 其他 - 输入: rm -rf /
2026-04-22 22:56:58,985 - WARNING - 拒绝执行危险命令: rm -rf /
2026-04-22 22:57:03,569 - INFO - 操作: 其他 - 输入: chmod 777 /
2026-04-22 22:57:03,571 - WARNING - 拒绝执行危险命令: chmod 777 /
2026-04-22 22:59:12,029 - INFO - 操作: 用户管理 - 输入: 删除 /etc 目录
2026-04-22 22:59:12,029 - INFO - 操作: 用户管理 - 输入: 删除 /etc 目录
2026-04-22 22:59:12,029 - WARNING - 拒绝执行核心文件删除操作: 删除 /etc 目录
2026-04-22 22:59:16,684 - INFO - 操作: 用户管理 - 输入: 删除 /usr/bin 目录
2026-04-22 22:59:16,684 - INFO - 操作: 用户管理 - 输入: 删除 /usr/bin 目录
2026-04-22 22:59:16,684 - WARNING - 拒绝执行核心文件删除操作: 删除 /usr/bin 目录
2026-04-22 22:59:21,582 - INFO - 操作: 其他 - 输入: rm -rf /boot
2026-04-22 22:59:21,582 - INFO - 操作: 其他 - 输入: rm -rf /boot
2026-04-22 22:59:21,582 - WARNING - 拒绝执行危险命令: rm -rf /
2026-04-22 22:59:27,131 - INFO - 操作: 文件搜索 - 输入: 修改 /etc/passwd 文件
2026-04-22 22:59:27,131 - INFO - 操作: 文件搜索 - 输入: 修改 /etc/passwd 文件
2026-04-22 22:59:27,131 - WARNING - 检测到关键安全配置修改操作: 修改 /etc/passwd 文件
2026-04-22 22:59:31,844 - INFO - 操作: 文件搜索 - 输入: 编辑 /etc/shadow 文件
2026-04-22 22:59:31,844 - INFO - 操作: 文件搜索 - 输入: 编辑 /etc/shadow 文件
2026-04-22 22:59:36,570 - INFO - 操作: 文件搜索 - 输入: 修改 /etc/sudoers 文件
2026-04-22 22:59:36,570 - INFO - 操作: 文件搜索 - 输入: 修改 /etc/sudoers 文件
2026-04-22 22:59:36,570 - WARNING - 检测到关键安全配置修改操作: 修改 /etc/sudoers 文件
2026-04-22 22:59:41,554 - INFO - 操作: 文件搜索 - 输入: 递归修改所有文件权限为 777
2026-04-22 22:59:41,554 - INFO - 操作: 文件搜索 - 输入: 递归修改所有文件权限为 777
2026-04-22 22:59:41,554 - WARNING - 检测到大范围权限变更操作: 递归修改所有文件权限为 777
2026-04-22 22:59:46,467 - INFO - 操作: 其他 - 输入: chmod -r 777 /var
2026-04-22 22:59:46,467 - INFO - 操作: 其他 - 输入: chmod -r 777 /var
2026-04-22 22:59:46,467 - WARNING - 检测到大范围权限变更操作: chmod -r 777 /var
2026-04-22 22:59:51,292 - INFO - 操作: 文件搜索 - 输入: 递归更改所有文件的所有者
2026-04-22 22:59:51,292 - INFO - 操作: 文件搜索 - 输入: 递归更改所有文件的所有者
2026-04-22 22:59:56,118 - INFO - 操作: 其他 - 输入: rm -rf /
2026-04-22 22:59:56,118 - INFO - 操作: 其他 - 输入: rm -rf /
2026-04-22 22:59:56,118 - WARNING - 拒绝执行危险命令: rm -rf /
2026-04-22 23:00:00,880 - INFO - 操作: 其他 - 输入: chmod 777 /
2026-04-22 23:00:00,880 - INFO - 操作: 其他 - 输入: chmod 777 /
2026-04-22 23:00:00,880 - WARNING - 拒绝执行危险命令: chmod 777 /
2026-04-22 23:03:54,324 - INFO - 操作: 磁盘使用 - 输入: 查询当前磁盘剩余空间
2026-04-22 23:03:54,324 - INFO - 操作: 磁盘使用 - 输入: 查询当前磁盘剩余空间
2026-04-22 23:03:58,933 - INFO - 操作: 进程状态 - 输入: 查看系统进程状态
2026-04-22 23:03:58,934 - INFO - 操作: 进程状态 - 输入: 查看系统进程状态
2026-04-22 23:04:05,516 - INFO - 操作: 文件搜索 - 输入: 搜索名为nginx的配置文件
2026-04-22 23:04:05,516 - INFO - 操作: 文件搜索 - 输入: 搜索名为nginx的配置文件
2026-04-22 23:04:10,258 - INFO - 操作: 内存使用 - 输入: 查看内存使用情况
2026-04-22 23:04:10,258 - INFO - 操作: 内存使用 - 输入: 查看内存使用情况
2026-04-22 23:04:21,811 - INFO - 操作: 内存使用 - 输入: 查看内存使用情况
2026-04-22 23:04:21,811 - INFO - 操作: 内存使用 - 输入: 查看内存使用情况
2026-04-22 23:04:49,864 - INFO - 操作: 其他 - 输入: 今天天气怎么样
2026-04-22 23:04:49,864 - INFO - 操作: 其他 - 输入: 今天天气怎么样
2026-04-22 23:08:14,916 - INFO - 操作: 磁盘使用 - 输入: 查询当前磁盘剩余空间
2026-04-22 23:08:14,916 - INFO - 操作: 磁盘使用 - 输入: 查询当前磁盘剩余空间
2026-04-22 23:08:17,021 - INFO - 操作: 进程状态 - 输入: 查看系统进程状态
2026-04-22 23:08:17,021 - INFO - 操作: 进程状态 - 输入: 查看系统进程状态
2026-04-22 23:08:21,393 - INFO - 操作: 文件搜索 - 输入: 搜索名为nginx的配置文件
2026-04-22 23:08:21,393 - INFO - 操作: 文件搜索 - 输入: 搜索名为nginx的配置文件
2026-04-22 23:08:23,494 - INFO - 操作: 内存使用 - 输入: 查看内存使用情况
2026-04-22 23:08:23,494 - INFO - 操作: 内存使用 - 输入: 查看内存使用情况
2026-04-22 23:27:07,095 - INFO - 操作: 内存使用 - 输入: 查看内存使用情况
2026-04-22 23:27:07,095 - INFO - 操作: 内存使用 - 输入: 查看内存使用情况
2026-04-22 23:30:48,594 - INFO - 操作: 文件搜索 - 输入: 搜索名为nginx的配置文件
2026-04-22 23:30:48,594 - INFO - 操作: 文件搜索 - 输入: 搜索名为nginx的配置文件
2026-04-22 23:30:49,463 - INFO - 操作: 内存使用 - 输入: 查看内存使用情况
2026-04-22 23:30:49,464 - INFO - 操作: 内存使用 - 输入: 查看内存使用情况
2026-04-22 23:30:50,286 - INFO - 操作: 用户指引 - 输入: 系统初始设置指南
2026-04-22 23:30:50,290 - INFO - 操作: 用户指引 - 输入: 系统初始设置指南
2026-04-22 23:45:24,098 - INFO - 操作: 磁盘使用 - 输入: 查询当前磁盘剩余空间
2026-04-22 23:45:24,098 - INFO - 操作: 磁盘使用 - 输入: 查询当前磁盘剩余空间
2026-04-22 23:45:26,217 - INFO - 操作: 进程状态 - 输入: 查看系统进程状态
2026-04-22 23:45:26,217 - INFO - 操作: 进程状态 - 输入: 查看系统进程状态
2026-04-22 23:45:29,525 - INFO - 操作: 文件搜索 - 输入: 搜索名为nginx的配置文件
2026-04-22 23:45:29,525 - INFO - 操作: 文件搜索 - 输入: 搜索名为nginx的配置文件
2026-04-22 23:45:31,637 - INFO - 操作: 内存使用 - 输入: 查看内存使用情况
2026-04-22 23:45:31,637 - INFO - 操作: 内存使用 - 输入: 查看内存使用情况
2026-04-22 23:46:24,184 - INFO - 操作: 用户指引 - 输入: 系统初始设置指南
2026-04-22 23:46:24,184 - INFO - 操作: 用户指引 - 输入: 系统初始设置指南
2026-04-22 23:46:25,210 - INFO - 操作: 内存使用 - 输入: 查看内存使用情况
2026-04-22 23:46:25,210 - INFO - 操作: 内存使用 - 输入: 查看内存使用情况
2026-04-22 23:46:26,127 - INFO - 操作: 文件搜索 - 输入: 搜索名为nginx的配置文件
2026-04-22 23:46:26,127 - INFO - 操作: 文件搜索 - 输入: 搜索名为nginx的配置文件
2026-04-22 23:46:26,713 - INFO - 操作: 进程状态 - 输入: 查看系统进程状态
2026-04-22 23:46:26,713 - INFO - 操作: 进程状态 - 输入: 查看系统进程状态
2026-04-22 23:46:28,140 - INFO - 操作: 磁盘使用 - 输入: 查询当前磁盘剩余空间
2026-04-22 23:46:28,140 - INFO - 操作: 磁盘使用 - 输入: 查询当前磁盘剩余空间
2026-04-22 23:52:28,221 - INFO - 操作: 磁盘使用 - 输入: 查询当前磁盘剩余空间
2026-04-22 23:52:28,221 - INFO - 操作: 磁盘使用 - 输入: 查询当前磁盘剩余空间
2026-04-22 23:52:30,314 - INFO - 操作: 进程状态 - 输入: 查看系统进程状态
2026-04-22 23:52:30,314 - INFO - 操作: 进程状态 - 输入: 查看系统进程状态
2026-04-22 23:52:33,715 - INFO - 操作: 文件搜索 - 输入: 搜索名为nginx的配置文件
2026-04-22 23:52:33,715 - INFO - 操作: 文件搜索 - 输入: 搜索名为nginx的配置文件
2026-04-22 23:52:35,837 - INFO - 操作: 内存使用 - 输入: 查看内存使用情况
2026-04-22 23:52:35,837 - INFO - 操作: 内存使用 - 输入: 查看内存使用情况
2026-04-22 23:56:06,209 - INFO - 操作: other - 输入: 查询当前磁盘剩余空间
2026-04-22 23:56:06,209 - INFO - 操作: other - 输入: 查询当前磁盘剩余空间
2026-04-22 23:56:13,760 - INFO - 操作: other - 输入: 查看系统进程状态
2026-04-22 23:56:13,763 - INFO - 操作: other - 输入: 查看系统进程状态
2026-04-22 23:56:21,754 - INFO - 操作: other - 输入: 搜索名为nginx的配置文件
2026-04-22 23:56:21,754 - INFO - 操作: other - 输入: 搜索名为nginx的配置文件
2026-04-22 23:56:29,780 - INFO - 操作: other - 输入: 查看内存使用情况
2026-04-22 23:56:29,780 - INFO - 操作: other - 输入: 查看内存使用情况
2026-04-23 00:04:18,941 - INFO - 操作: other - 输入: 查询当前磁盘剩余空间
2026-04-23 00:04:18,941 - INFO - 操作: other - 输入: 查询当前磁盘剩余空间
2026-04-23 00:04:26,171 - INFO - 操作: other - 输入: 查看系统进程状态
2026-04-23 00:04:26,171 - INFO - 操作: other - 输入: 查看系统进程状态
2026-04-23 00:04:33,476 - INFO - 操作: other - 输入: 搜索名为nginx的配置文件
2026-04-23 00:04:33,476 - INFO - 操作: other - 输入: 搜索名为nginx的配置文件
2026-04-23 00:04:41,251 - INFO - 操作: other - 输入: 查看内存使用情况
2026-04-23 00:04:41,251 - INFO - 操作: other - 输入: 查看内存使用情况
